<?xml version="1.0" encoding="UTF-8"?>
<testsuite name="Jenkins1/tests" tests="1" failures="0" skipped="0" hostname="ibm-prinkalgautam" time="18.542" timestamp="Mon Jun 19 15:14:44 IST 2023">
	<properties>
		<property name="excludeCallableTestCases" value="true"/>
		<property name="testEnvironment" value=""/>
		<property name="pluginOutputLevel" value="WARNING"/>
		<property name="projectPath" value=".."/>
		<property name="salesforceMetadataCache" value="Reload"/>
		<property name="resultsPathDisposition" value="Increment"/>
		<property name="testOutputLevel" value="INFO"/>
		<property name="webBrowserType" value="Chrome"/>
		<property name="resultsPath" value="../ANT/Results"/>
		<property name="webBrowserConfiguration" value="Full Screen"/>
		<property name="projectCachePath" value="C:\Users\prinkal.gautam\Provar\JenkinsDummy\Jenkins1\ANT\..\..\.provarCaches"/>
	</properties>
	<testcase classname="tests/Test Case 1.testcase" name="Test Case 1.testcase" time="2.197">
	</testcase>
</testsuite>
